0 info it worked if it ends with ok
1 verbose cli [ '/home/aditya/.nvm/versions/node/v6.9.5/bin/node',
1 verbose cli   '/home/aditya/.nvm/versions/node/v6.9.5/bin/npm',
1 verbose cli   'run',
1 verbose cli   'dev' ]
2 info using npm@3.10.10
3 info using node@v6.9.5
4 verbose run-script [ 'predev', 'dev', 'postdev' ]
5 info lifecycle inkwell@1.0.0~predev: inkwell@1.0.0
6 silly lifecycle inkwell@1.0.0~predev: no script for predev, continuing
7 info lifecycle inkwell@1.0.0~dev: inkwell@1.0.0
8 verbose lifecycle inkwell@1.0.0~dev: unsafe-perm in lifecycle true
9 verbose lifecycle inkwell@1.0.0~dev: PATH: /home/aditya/.nvm/versions/node/v6.9.5/lib/node_modules/npm/bin/node-gyp-bin:/home/aditya/Desktop/inkwell/node_modules/.bin:/home/aditya/.nvm/versions/node/v6.9.5/bin:/bin:/usr/lib/Seqrite/ClientAgent/cmd:/bin:/usr/lib/Seqrite/ClientAgent/cmd:/usr/local/sbin:/usr/local/bin:/usr/sbin:/usr/bin:/sbin:/bin:/usr/games:/usr/local/games:/snap/bin:/usr/bin/java:/snap/bin
10 verbose lifecycle inkwell@1.0.0~dev: CWD: /home/aditya/Desktop/inkwell
11 silly lifecycle inkwell@1.0.0~dev: Args: [ '-c', 'tsx watch src/index.ts' ]
12 silly lifecycle inkwell@1.0.0~dev: Returned: code: 1  signal: null
13 info lifecycle inkwell@1.0.0~dev: Failed to exec dev script
14 verbose stack Error: inkwell@1.0.0 dev: `tsx watch src/index.ts`
14 verbose stack Exit status 1
14 verbose stack     at EventEmitter.<anonymous> (/home/aditya/.nvm/versions/node/v6.9.5/lib/node_modules/npm/lib/utils/lifecycle.js:255:16)
14 verbose stack     at emitTwo (events.js:106:13)
14 verbose stack     at EventEmitter.emit (events.js:191:7)
14 verbose stack     at ChildProcess.<anonymous> (/home/aditya/.nvm/versions/node/v6.9.5/lib/node_modules/npm/lib/utils/spawn.js:40:14)
14 verbose stack     at emitTwo (events.js:106:13)
14 verbose stack     at ChildProcess.emit (events.js:191:7)
14 verbose stack     at maybeClose (internal/child_process.js:877:16)
14 verbose stack     at Process.ChildProcess._handle.onexit (internal/child_process.js:226:5)
15 verbose pkgid inkwell@1.0.0
16 verbose cwd /home/aditya/Desktop/inkwell
17 error Linux 6.11.0-26-generic
18 error argv "/home/aditya/.nvm/versions/node/v6.9.5/bin/node" "/home/aditya/.nvm/versions/node/v6.9.5/bin/npm" "run" "dev"
19 error node v6.9.5
20 error npm  v3.10.10
21 error code ELIFECYCLE
22 error inkwell@1.0.0 dev: `tsx watch src/index.ts`
22 error Exit status 1
23 error Failed at the inkwell@1.0.0 dev script 'tsx watch src/index.ts'.
23 error Make sure you have the latest version of node.js and npm installed.
23 error If you do, this is most likely a problem with the inkwell package,
23 error not with npm itself.
23 error Tell the author that this fails on your system:
23 error     tsx watch src/index.ts
23 error You can get information on how to open an issue for this project with:
23 error     npm bugs inkwell
23 error Or if that isn't available, you can get their info via:
23 error     npm owner ls inkwell
23 error There is likely additional logging output above.
24 verbose exit [ 1, true ]
